<?xml version="1.0" encoding="utf-8"?><testsuites><testsuite name="pytest" errors="0" failures="0" skipped="2" tests="2" time="0.031" timestamp="2022-05-21T19:34:01.628110" hostname="majk-pc"><testcase classname="api_tests.test_api" name="test__regular__insert_find_delete_record" time="0.000"><skipped type="pytest.skip" message="unconditional skip">/home/majk/repos/BurlyPronghorn/automated_tests/unittests/test_api.py:4: unconditional skip</skipped></testcase><testcase classname="api_tests.test_api" name="test__regular__insert_value_two_times" time="0.000"><skipped type="pytest.skip" message="unconditional skip">/home/majk/repos/BurlyPronghorn/automated_tests/unittests/test_api.py:10: unconditional skip</skipped></testcase></testsuite></testsuites>